2024-06-02 16:00:33 Loading main app package /usr/lib/obsidian/obsidian.asar
2024-06-02 16:00:34 Checking for update using Github
2024-06-02 16:00:34 Success.
2024-06-02 16:00:34 Latest version is 1.5.12
2024-06-02 16:00:34 App is up to date.
2024-06-02 16:12:53 Loading main app package /usr/lib/obsidian/obsidian.asar
2024-06-02 16:12:54 Checking for update using Github
2024-06-02 16:12:54 Success.
2024-06-02 16:12:54 Latest version is 1.5.12
2024-06-02 16:12:54 App is up to date.
2024-06-02 17:12:54 Checking for update using Github
2024-06-02 17:12:54 Success.
2024-06-02 17:12:54 Latest version is 1.5.12
2024-06-02 17:12:54 App is up to date.
2024-06-02 19:08:10 Loading main app package /usr/lib/obsidian/obsidian.asar
2024-06-02 19:08:10 Checking for update using Github
2024-06-02 19:08:11 Success.
2024-06-02 19:08:11 Latest version is 1.5.12
2024-06-02 19:08:11 App is up to date.
2024-06-02 20:08:10 Checking for update using Github
2024-06-02 20:08:10 Success.
2024-06-02 20:08:10 Latest version is 1.5.12
2024-06-02 20:08:10 App is up to date.
2024-06-02 20:55:16 Loading main app package /usr/lib/obsidian/obsidian.asar
2024-06-02 20:55:16 Checking for update using Github
2024-06-02 20:55:16 Success.
2024-06-02 20:55:16 Latest version is 1.5.12
2024-06-02 20:55:16 App is up to date.
2024-06-03 07:06:04 Loading main app package /usr/lib/obsidian/obsidian.asar
2024-06-03 07:06:04 Checking for update using Github
2024-06-03 07:06:05 Success.
2024-06-03 07:06:05 Latest version is 1.5.12
2024-06-03 07:06:05 App is up to date.
2024-06-03 08:06:04 Checking for update using Github
2024-06-03 08:06:04 Success.
2024-06-03 08:06:04 Latest version is 1.5.12
2024-06-03 08:06:04 App is up to date.
2024-06-03 09:06:04 Checking for update using Github
2024-06-03 09:06:04 Success.
2024-06-03 09:06:04 Latest version is 1.5.12
2024-06-03 09:06:04 App is up to date.
2024-06-03 10:06:05 Checking for update using Github
2024-06-03 10:06:05 Success.
2024-06-03 10:06:05 Latest version is 1.5.12
2024-06-03 10:06:05 App is up to date.
2024-06-03 11:06:05 Checking for update using Github
2024-06-03 11:06:05 Success.
2024-06-03 11:06:05 Latest version is 1.5.12
2024-06-03 11:06:05 App is up to date.
2024-06-03 13:27:46 Loading main app package /usr/lib/obsidian/obsidian.asar
2024-06-03 13:27:46 Checking for update using Github
2024-06-03 13:27:46 Success.
2024-06-03 13:27:46 Latest version is 1.5.12
2024-06-03 13:27:46 App is up to date.
2024-06-03 14:33:35 Checking for update using Github
2024-06-03 14:33:35 Success.
2024-06-03 14:33:35 Latest version is 1.5.12
2024-06-03 14:33:35 App is up to date.
2024-06-03 15:33:35 Checking for update using Github
2024-06-03 15:33:35 Success.
2024-06-03 15:33:35 Latest version is 1.5.12
2024-06-03 15:33:35 App is up to date.
2024-06-03 16:33:35 Checking for update using Github
2024-06-03 16:33:35 Success.
2024-06-03 16:33:35 Latest version is 1.5.12
2024-06-03 16:33:35 App is up to date.
2024-06-03 17:33:35 Checking for update using Github
2024-06-03 17:33:35 Success.
2024-06-03 17:33:35 Latest version is 1.5.12
2024-06-03 17:33:35 App is up to date.
2024-06-03 18:33:35 Checking for update using Github
2024-06-03 18:33:35 Success.
2024-06-03 18:33:35 Latest version is 1.5.12
2024-06-03 18:33:35 App is up to date.
2024-06-03 19:33:35 Checking for update using Github
2024-06-03 19:33:35 Success.
2024-06-03 19:33:35 Latest version is 1.5.12
2024-06-03 19:33:35 App is up to date.
2024-06-03 20:33:35 Checking for update using Github
2024-06-03 20:33:35 Success.
2024-06-03 20:33:35 Latest version is 1.5.12
2024-06-03 20:33:35 App is up to date.
2024-06-04 07:11:09 Loading main app package /usr/lib/obsidian/obsidian.asar
2024-06-04 07:11:09 Checking for update using Github
2024-06-04 07:11:10 Success.
2024-06-04 07:11:10 Latest version is 1.5.12
2024-06-04 07:11:10 App is up to date.
2024-06-04 08:11:09 Checking for update using Github
2024-06-04 08:11:09 Success.
2024-06-04 08:11:09 Latest version is 1.5.12
2024-06-04 08:11:09 App is up to date.
2024-06-04 09:11:09 Checking for update using Github
2024-06-04 09:11:09 Success.
2024-06-04 09:11:09 Latest version is 1.5.12
2024-06-04 09:11:09 App is up to date.
2024-06-04 10:11:09 Checking for update using Github
2024-06-04 10:11:10 Success.
2024-06-04 10:11:10 Latest version is 1.5.12
2024-06-04 10:11:10 App is up to date.
2024-06-04 10:52:41 Loading main app package /usr/lib/obsidian/obsidian.asar
2024-06-04 10:52:41 Checking for update using Github
2024-06-04 11:11:10 Checking for update using Github
2024-06-04 11:11:10 Success.
2024-06-04 11:11:10 Latest version is 1.5.12
2024-06-04 11:11:10 App is up to date.
2024-06-04 12:40:59 Loading main app package /usr/lib/obsidian/obsidian.asar
2024-06-04 12:40:59 Checking for update using Github
2024-06-04 12:40:59 Success.
2024-06-04 12:40:59 Latest version is 1.5.12
2024-06-04 12:40:59 App is up to date.
2024-06-04 13:44:32 Loading main app package /usr/lib/obsidian/obsidian.asar
2024-06-04 13:44:32 Checking for update using Github
2024-06-04 13:44:32 Success.
2024-06-04 13:44:32 Latest version is 1.5.12
2024-06-04 13:44:32 App is up to date.
2024-06-04 14:44:32 Checking for update using Github
2024-06-04 14:44:32 Success.
2024-06-04 14:44:32 Latest version is 1.5.12
2024-06-04 14:44:32 App is up to date.
2024-06-04 15:44:32 Checking for update using Github
2024-06-04 15:44:32 Success.
2024-06-04 15:44:32 Latest version is 1.5.12
2024-06-04 15:44:32 App is up to date.
2024-06-04 16:44:32 Checking for update using Github
2024-06-04 16:44:32 Success.
2024-06-04 16:44:32 Latest version is 1.5.12
2024-06-04 16:44:32 App is up to date.
2024-06-04 17:44:32 Checking for update using Github
2024-06-04 17:44:32 Success.
2024-06-04 17:44:32 Latest version is 1.5.12
2024-06-04 17:44:32 App is up to date.
2024-06-04 18:44:32 Checking for update using Github
2024-06-04 18:44:32 Success.
2024-06-04 18:44:32 Latest version is 1.5.12
2024-06-04 18:44:32 App is up to date.
2024-06-04 19:44:32 Checking for update using Github
2024-06-04 19:44:32 Success.
2024-06-04 19:44:32 Latest version is 1.5.12
2024-06-04 19:44:32 App is up to date.
2024-06-04 20:44:32 Checking for update using Github
2024-06-04 20:44:32 Success.
2024-06-04 20:44:32 Latest version is 1.5.12
2024-06-04 20:44:32 App is up to date.
2024-06-05 07:06:22 Loading main app package /usr/lib/obsidian/obsidian.asar
2024-06-05 07:06:22 Checking for update using Github
2024-06-05 07:06:22 Success.
2024-06-05 07:06:22 Latest version is 1.5.12
2024-06-05 07:06:22 App is up to date.
2024-06-05 07:17:28 Loading main app package /usr/lib/obsidian/obsidian.asar
2024-06-05 07:17:28 Checking for update using Github
2024-06-05 07:17:28 Success.
2024-06-05 07:17:28 Latest version is 1.5.12
2024-06-05 07:17:28 App is up to date.
2024-06-05 08:17:28 Checking for update using Github
2024-06-05 08:17:28 Success.
2024-06-05 08:17:28 Latest version is 1.5.12
2024-06-05 08:17:28 App is up to date.
2024-06-05 09:17:28 Checking for update using Github
2024-06-05 09:17:28 Success.
2024-06-05 09:17:28 Latest version is 1.5.12
2024-06-05 09:17:28 App is up to date.
2024-06-05 10:17:28 Checking for update using Github
2024-06-05 10:17:28 Success.
2024-06-05 10:17:28 Latest version is 1.5.12
2024-06-05 10:17:28 App is up to date.
2024-06-05 11:09:25 Loading main app package /usr/lib/obsidian/obsidian.asar
2024-06-05 11:09:26 Checking for update using Github
2024-06-05 11:09:26 Success.
2024-06-05 11:09:26 Latest version is 1.5.12
2024-06-05 11:09:26 App is up to date.
2024-06-05 12:42:39 Loading main app package /usr/lib/obsidian/obsidian.asar
2024-06-05 12:42:40 Checking for update using Github
2024-06-05 12:42:40 Success.
2024-06-05 12:42:40 Latest version is 1.5.12
2024-06-05 12:42:40 App is up to date.
2024-06-05 13:39:16 Loading main app package /usr/lib/obsidian/obsidian.asar
2024-06-05 13:39:16 Checking for update using Github
2024-06-05 13:39:16 Success.
2024-06-05 13:39:16 Latest version is 1.5.12
2024-06-05 13:39:16 App is up to date.
2024-06-05 14:25:24 Loading main app package /usr/lib/obsidian/obsidian.asar
2024-06-05 14:25:25 Checking for update using Github
2024-06-05 14:25:25 Success.
2024-06-05 14:25:25 Latest version is 1.5.12
2024-06-05 14:25:25 App is up to date.
2024-06-05 15:25:24 Checking for update using Github
2024-06-05 15:25:24 Success.
2024-06-05 15:25:24 Latest version is 1.5.12
2024-06-05 15:25:24 App is up to date.
2024-06-05 16:25:24 Checking for update using Github
2024-06-05 16:25:24 Success.
2024-06-05 16:25:24 Latest version is 1.5.12
2024-06-05 16:25:24 App is up to date.
2024-06-05 17:25:24 Checking for update using Github
2024-06-05 17:25:24 Success.
2024-06-05 17:25:24 Latest version is 1.5.12
2024-06-05 17:25:24 App is up to date.
2024-06-05 19:43:27 Loading main app package /usr/lib/obsidian/obsidian.asar
2024-06-05 19:43:28 Checking for update using Github
2024-06-05 19:43:28 Success.
2024-06-05 19:43:28 Latest version is 1.5.12
2024-06-05 19:43:28 App is up to date.
2024-06-05 20:33:12 Loading main app package /usr/lib/obsidian/obsidian.asar
2024-06-05 20:33:13 Checking for update using Github
2024-06-05 20:33:13 Success.
2024-06-05 20:33:13 Latest version is 1.5.12
2024-06-05 20:33:13 App is up to date.
2024-06-06 07:03:39 Loading main app package /usr/lib/obsidian/obsidian.asar
2024-06-06 07:03:39 Checking for update using Github
2024-06-06 07:03:39 Success.
2024-06-06 07:03:39 Latest version is 1.5.12
2024-06-06 07:03:39 App is up to date.
2024-06-06 07:18:27 Loading main app package /usr/lib/obsidian/obsidian.asar
2024-06-06 07:18:27 Checking for update using Github
2024-06-06 07:18:27 Success.
2024-06-06 07:18:27 Latest version is 1.5.12
2024-06-06 07:18:27 App is up to date.
2024-06-06 07:20:23 Loading main app package /usr/lib/obsidian/obsidian.asar
2024-06-06 07:20:23 Checking for update using Github
2024-06-06 07:20:23 Success.
2024-06-06 07:20:23 Latest version is 1.5.12
2024-06-06 07:20:23 App is up to date.
2024-06-06 07:20:42 Loading main app package /usr/lib/obsidian/obsidian.asar
2024-06-06 07:20:43 Checking for update using Github
2024-06-06 07:20:43 Success.
2024-06-06 07:20:43 Latest version is 1.5.12
2024-06-06 07:20:43 App is up to date.
2024-06-06 08:20:42 Checking for update using Github
2024-06-06 08:20:43 Success.
2024-06-06 08:20:43 Latest version is 1.5.12
2024-06-06 08:20:43 App is up to date.
2024-06-06 09:20:43 Checking for update using Github
2024-06-06 09:20:43 Success.
2024-06-06 09:20:43 Latest version is 1.5.12
2024-06-06 09:20:43 App is up to date.
2024-06-06 10:20:43 Checking for update using Github
2024-06-06 10:20:43 Success.
2024-06-06 10:20:43 Latest version is 1.5.12
2024-06-06 10:20:43 App is up to date.
2024-06-06 11:55:59 Loading main app package /usr/lib/obsidian/obsidian.asar
2024-06-06 11:55:59 Checking for update using Github
2024-06-06 11:56:00 Success.
2024-06-06 11:56:00 Latest version is 1.5.12
2024-06-06 11:56:00 App is up to date.
2024-06-06 12:55:59 Checking for update using Github
2024-06-06 12:55:59 Success.
2024-06-06 12:55:59 Latest version is 1.5.12
2024-06-06 12:55:59 App is up to date.
2024-06-06 17:55:01 Loading main app package /usr/lib/obsidian/obsidian.asar
2024-06-06 17:55:02 Checking for update using Github
2024-06-06 17:55:02 Success.
2024-06-06 17:55:02 Latest version is 1.5.12
2024-06-06 17:55:02 App is up to date.
2024-06-06 18:50:50 Loading main app package /usr/lib/obsidian/obsidian.asar
2024-06-06 18:50:50 Checking for update using Github
2024-06-06 18:50:50 Success.
2024-06-06 18:50:50 Latest version is 1.5.12
2024-06-06 18:50:50 App is up to date.
2024-06-06 19:50:50 Checking for update using Github
2024-06-06 19:50:50 Success.
2024-06-06 19:50:50 Latest version is 1.5.12
2024-06-06 19:50:50 App is up to date.
2024-06-06 20:36:52 Loading main app package /usr/lib/obsidian/obsidian.asar
2024-06-06 20:36:52 Checking for update using Github
2024-06-06 20:36:52 Success.
2024-06-06 20:36:52 Latest version is 1.5.12
2024-06-06 20:36:52 App is up to date.
2024-06-07 07:10:02 Loading main app package /usr/lib/obsidian/obsidian.asar
2024-06-07 07:10:02 Checking for update using Github
2024-06-07 07:10:02 Success.
2024-06-07 07:10:02 Latest version is 1.5.12
2024-06-07 07:10:02 App is up to date.
2024-06-07 08:10:02 Checking for update using Github
2024-06-07 08:10:02 Success.
2024-06-07 08:10:02 Latest version is 1.5.12
2024-06-07 08:10:02 App is up to date.
2024-06-07 09:10:02 Checking for update using Github
2024-06-07 09:10:02 Success.
2024-06-07 09:10:02 Latest version is 1.5.12
2024-06-07 09:10:02 App is up to date.
2024-06-07 10:10:02 Checking for update using Github
2024-06-07 10:10:02 Success.
2024-06-07 10:10:02 Latest version is 1.5.12
2024-06-07 10:10:02 App is up to date.
2024-06-07 10:52:18 Loading main app package /usr/lib/obsidian/obsidian.asar
2024-06-07 10:52:18 Checking for update using Github
2024-06-07 10:52:18 Success.
2024-06-07 10:52:18 Latest version is 1.5.12
2024-06-07 10:52:18 App is up to date.
2024-06-07 12:33:09 Loading main app package /usr/lib/obsidian/obsidian.asar
2024-06-07 12:33:10 Checking for update using Github
2024-06-07 12:33:10 Success.
2024-06-07 12:33:10 Latest version is 1.5.12
2024-06-07 12:33:10 App is up to date.
2024-06-07 13:34:05 Loading main app package /usr/lib/obsidian/obsidian.asar
2024-06-07 13:34:05 Checking for update using Github
2024-06-07 13:34:05 Success.
2024-06-07 13:34:05 Latest version is 1.5.12
2024-06-07 13:34:05 App is up to date.
2024-06-07 14:34:05 Checking for update using Github
2024-06-07 14:34:05 Success.
2024-06-07 14:34:05 Latest version is 1.5.12
2024-06-07 14:34:05 App is up to date.
2024-06-07 15:34:05 Checking for update using Github
2024-06-07 15:34:05 Success.
2024-06-07 15:34:05 Latest version is 1.5.12
2024-06-07 15:34:05 App is up to date.
2024-06-07 16:34:05 Checking for update using Github
2024-06-07 16:34:05 Success.
2024-06-07 16:34:05 Latest version is 1.6.2
2024-06-07 16:34:05 Downloading update from https://github.com/obsidianmd/obsidian-releases/releases/download/v1.6.2/obsidian-1.6.2.asar.gz
2024-06-07 16:34:06 Verifying hash & signature. Size= 8794467
2024-06-07 16:34:06 Saving file
2024-06-07 16:34:07 Update complete.
2024-06-07 19:00:01 Loading updated app package /home/adonis/.config/obsidian/obsidian-1.6.2.asar
2024-06-07 19:00:01 Checking for update using Github
2024-06-07 19:00:01 Success.
2024-06-07 19:00:01 Latest version is 1.6.2
2024-06-07 19:00:01 App is up to date.
2024-06-07 20:00:01 Checking for update using Github
2024-06-07 20:00:01 Success.
2024-06-07 20:00:01 Latest version is 1.6.2
2024-06-07 20:00:01 App is up to date.
2024-06-07 20:28:40 Loading updated app package /home/adonis/.config/obsidian/obsidian-1.6.2.asar
2024-06-07 20:28:40 Checking for update using Github
2024-06-07 20:28:40 Success.
2024-06-07 20:28:40 Latest version is 1.6.2
2024-06-07 20:28:40 App is up to date.
2024-06-08 07:14:28 Loading updated app package /home/adonis/.config/obsidian/obsidian-1.6.2.asar
2024-06-08 07:14:28 Checking for update using Github
2024-06-08 07:14:28 Success.
2024-06-08 07:14:28 Latest version is 1.6.2
2024-06-08 07:14:28 App is up to date.
2024-06-08 07:32:08 Loading updated app package /home/adonis/.config/obsidian/obsidian-1.6.2.asar
2024-06-08 07:32:08 Checking for update using Github
2024-06-08 07:32:08 Success.
2024-06-08 07:32:08 Latest version is 1.6.2
2024-06-08 07:32:08 App is up to date.
2024-06-08 08:32:08 Checking for update using Github
2024-06-08 08:32:08 Success.
2024-06-08 08:32:08 Latest version is 1.6.2
2024-06-08 08:32:08 App is up to date.
2024-06-08 09:32:08 Checking for update using Github
2024-06-08 09:32:08 Success.
2024-06-08 09:32:08 Latest version is 1.6.2
2024-06-08 09:32:08 App is up to date.
2024-06-08 10:32:08 Checking for update using Github
2024-06-08 10:32:08 Success.
2024-06-08 10:32:08 Latest version is 1.6.2
2024-06-08 10:32:08 App is up to date.
2024-06-08 13:01:51 Loading updated app package /home/adonis/.config/obsidian/obsidian-1.6.2.asar
2024-06-08 13:01:51 Checking for update using Github
2024-06-08 13:01:52 Success.
2024-06-08 13:01:52 Latest version is 1.6.2
2024-06-08 13:01:52 App is up to date.
2024-06-08 14:01:51 Checking for update using Github
2024-06-08 14:01:51 Success.
2024-06-08 14:01:51 Latest version is 1.6.2
2024-06-08 14:01:51 App is up to date.
2024-06-08 14:16:57 Loading updated app package /home/adonis/.config/obsidian/obsidian-1.6.2.asar
2024-06-08 14:16:57 Checking for update using Github
2024-06-08 14:16:57 Success.
2024-06-08 14:16:57 Latest version is 1.6.2
2024-06-08 14:16:57 App is up to date.
2024-06-08 15:16:57 Checking for update using Github
2024-06-08 15:16:57 Success.
2024-06-08 15:16:57 Latest version is 1.6.2
2024-06-08 15:16:57 App is up to date.
2024-06-08 16:16:57 Checking for update using Github
2024-06-08 16:16:57 Success.
2024-06-08 16:16:57 Latest version is 1.6.2
2024-06-08 16:16:57 App is up to date.
2024-06-08 17:16:57 Checking for update using Github
2024-06-08 17:16:57 Success.
2024-06-08 17:16:57 Latest version is 1.6.2
2024-06-08 17:16:57 App is up to date.
2024-06-08 18:16:57 Checking for update using Github
2024-06-08 18:16:57 Success.
2024-06-08 18:16:57 Latest version is 1.6.3
2024-06-08 18:16:57 Downloading update from https://github.com/obsidianmd/obsidian-releases/releases/download/v1.6.3/obsidian-1.6.3.asar.gz
2024-06-08 18:16:59 Verifying hash & signature. Size= 8794449
2024-06-08 18:16:59 Saving file
2024-06-08 18:16:59 Update complete.
2024-06-08 19:52:41 Loading updated app package /home/adonis/.config/obsidian/obsidian-1.6.3.asar
2024-06-08 19:52:41 Checking for update using Github
2024-06-08 19:52:41 Success.
2024-06-08 19:52:41 Latest version is 1.6.3
2024-06-08 19:52:41 App is up to date.
2024-06-09 07:05:21 Loading updated app package /home/adonis/.config/obsidian/obsidian-1.6.3.asar
2024-06-09 07:05:22 Checking for update using Github
2024-06-09 07:05:22 Success.
2024-06-09 07:05:22 Latest version is 1.6.3
2024-06-09 07:05:22 App is up to date.
2024-06-09 08:02:29 Loading updated app package /home/adonis/.config/obsidian/obsidian-1.6.3.asar
2024-06-09 08:02:29 Checking for update using Github
2024-06-09 08:02:29 Success.
2024-06-09 08:02:29 Latest version is 1.6.3
2024-06-09 08:02:29 App is up to date.
2024-06-09 09:02:29 Checking for update using Github
2024-06-09 09:02:29 Success.
2024-06-09 09:02:29 Latest version is 1.6.3
2024-06-09 09:02:29 App is up to date.
2024-06-09 10:02:29 Checking for update using Github
2024-06-09 10:02:29 Success.
2024-06-09 10:02:29 Latest version is 1.6.3
2024-06-09 10:02:29 App is up to date.
2024-06-09 10:33:45 Loading updated app package /home/adonis/.config/obsidian/obsidian-1.6.3.asar
2024-06-09 10:33:45 Checking for update using Github
2024-06-09 10:33:46 Success.
2024-06-09 10:33:46 Latest version is 1.6.3
2024-06-09 10:33:46 App is up to date.
2024-06-09 12:39:35 Loading updated app package /home/adonis/.config/obsidian/obsidian-1.6.3.asar
2024-06-09 12:39:35 Checking for update using Github
2024-06-09 12:39:35 Success.
2024-06-09 12:39:35 Latest version is 1.6.3
2024-06-09 12:39:35 App is up to date.
2024-06-09 13:10:33 Loading updated app package /home/adonis/.config/obsidian/obsidian-1.6.3.asar
2024-06-09 13:10:33 Checking for update using Github
2024-06-09 13:10:33 Success.
2024-06-09 13:10:33 Latest version is 1.6.3
2024-06-09 13:10:33 App is up to date.
2024-06-09 13:36:29 Loading updated app package /home/adonis/.config/obsidian/obsidian-1.6.3.asar
2024-06-09 13:36:29 Checking for update using Github
2024-06-09 13:36:29 Success.
2024-06-09 13:36:29 Latest version is 1.6.3
2024-06-09 13:36:29 App is up to date.
2024-06-09 14:36:29 Checking for update using Github
2024-06-09 14:36:29 Success.
2024-06-09 14:36:29 Latest version is 1.6.3
2024-06-09 14:36:29 App is up to date.
2024-06-09 15:36:29 Checking for update using Github
2024-06-09 15:36:29 Success.
2024-06-09 15:36:29 Latest version is 1.6.3
2024-06-09 15:36:29 App is up to date.
2024-06-09 16:36:29 Checking for update using Github
2024-06-09 16:36:29 Success.
2024-06-09 16:36:29 Latest version is 1.6.3
2024-06-09 16:36:29 App is up to date.
2024-06-09 17:36:29 Checking for update using Github
2024-06-09 17:36:29 Success.
2024-06-09 17:36:29 Latest version is 1.6.3
2024-06-09 17:36:29 App is up to date.
2024-06-09 19:29:11 Loading updated app package /home/adonis/.config/obsidian/obsidian-1.6.3.asar
2024-06-09 19:29:11 Checking for update using Github
2024-06-09 19:29:11 Success.
2024-06-09 19:29:11 Latest version is 1.6.3
2024-06-09 19:29:11 App is up to date.
2024-06-09 20:29:11 Checking for update using Github
2024-06-09 20:29:11 Success.
2024-06-09 20:29:11 Latest version is 1.6.3
2024-06-09 20:29:11 App is up to date.
2024-06-10 07:12:13 Loading updated app package /home/adonis/.config/obsidian/obsidian-1.6.3.asar
2024-06-10 07:12:14 Checking for update using Github
2024-06-10 07:12:14 Success.
2024-06-10 07:12:14 Latest version is 1.6.3
2024-06-10 07:12:14 App is up to date.
2024-06-10 07:27:46 Loading updated app package /home/adonis/.config/obsidian/obsidian-1.6.3.asar
2024-06-10 07:27:46 Checking for update using Github
2024-06-10 07:27:47 Success.
2024-06-10 07:27:47 Latest version is 1.6.3
2024-06-10 07:27:47 App is up to date.
